<?xml version="1.0" encoding="UTF-8"?>
<testng-results ignored="0" total="2" passed="2" failed="0" skipped="0">
  <reporter-output>
  </reporter-output>
  <suite started-at="2023-02-19T15:07:15 ICT" name="Default suite" finished-at="2023-02-19T15:07:15 ICT" duration-ms="57">
    <groups>
    </groups>
    <test started-at="2023-02-19T15:07:15 ICT" name="Default test" finished-at="2023-02-19T15:07:15 ICT" duration-ms="57">
      <class name="testNG.TestCase">
        <test-method signature="testCaseLogin()[pri:0, instance:testNG.TestCase@3315d2d7]" started-at="2023-02-19T15:07:15 ICT" name="testCaseLogin" finished-at="2023-02-19T15:07:15 ICT" duration-ms="10" status="PASS">
          <reporter-output>
          </reporter-output>
        </test-method> <!-- testCaseLogin -->
        <test-method signature="testCaseSignIn()[pri:0, instance:testNG.TestCase@3315d2d7]" started-at="2023-02-19T15:07:15 ICT" name="testCaseSignIn" finished-at="2023-02-19T15:07:15 ICT" duration-ms="1" status="PASS">
          <reporter-output>
          </reporter-output>
        </test-method> <!-- testCaseSignIn -->
      </class> <!-- testNG.TestCase -->
    </test> <!-- Default test -->
  </suite> <!-- Default suite -->
</testng-results>
