<?xml version="1.0" encoding="UTF-8"?>
<testng-results ignored="0" total="2" passed="2" failed="0" skipped="0">
  <reporter-output>
  </reporter-output>
  <suite started-at="2023-02-19T16:03:33 ICT" name="Default suite" finished-at="2023-02-19T16:03:33 ICT" duration-ms="49">
    <groups>
    </groups>
    <test started-at="2023-02-19T16:03:33 ICT" name="Default test" finished-at="2023-02-19T16:03:33 ICT" duration-ms="49">
      <class name="Booking.BookingSomethingInShopee">
        <test-method is-config="true" signature="Login()[pri:0, instance:Booking.BookingSomethingInShopee@272ed83b]" started-at="2023-02-19T16:03:33 ICT" name="Login" finished-at="2023-02-19T16:03:33 ICT" duration-ms="6" status="PASS">
          <reporter-output>
          </reporter-output>
        </test-method> <!-- Login -->
        <test-method is-config="true" signature="beforeTestcase()[pri:0, instance:Booking.BookingSomethingInShopee@272ed83b]" started-at="2023-02-19T16:03:33 ICT" name="beforeTestcase" finished-at="2023-02-19T16:03:33 ICT" duration-ms="0" status="PASS">
          <reporter-output>
          </reporter-output>
        </test-method> <!-- beforeTestcase -->
        <test-method signature="buyABook()[pri:0, instance:Booking.BookingSomethingInShopee@272ed83b]" started-at="2023-02-19T16:03:33 ICT" name="buyABook" finished-at="2023-02-19T16:03:33 ICT" duration-ms="8" status="PASS">
          <reporter-output>
          </reporter-output>
        </test-method> <!-- buyABook -->
        <test-method is-config="true" signature="afterTestcase()[pri:0, instance:Booking.BookingSomethingInShopee@272ed83b]" started-at="2023-02-19T16:03:33 ICT" name="afterTestcase" finished-at="2023-02-19T16:03:33 ICT" duration-ms="0" status="PASS">
          <reporter-output>
          </reporter-output>
        </test-method> <!-- afterTestcase -->
        <test-method signature="buyALight()[pri:0, instance:Booking.BookingSomethingInShopee@272ed83b]" started-at="2023-02-19T16:03:33 ICT" name="buyALight" finished-at="2023-02-19T16:03:33 ICT" duration-ms="1" status="PASS">
          <reporter-output>
          </reporter-output>
        </test-method> <!-- buyALight -->
        <test-method is-config="true" signature="beforeTestcase()[pri:0, instance:Booking.BookingSomethingInShopee@272ed83b]" started-at="2023-02-19T16:03:33 ICT" name="beforeTestcase" finished-at="2023-02-19T16:03:33 ICT" duration-ms="0" status="PASS">
          <reporter-output>
          </reporter-output>
        </test-method> <!-- beforeTestcase -->
        <test-method is-config="true" signature="afterTestcase()[pri:0, instance:Booking.BookingSomethingInShopee@272ed83b]" started-at="2023-02-19T16:03:33 ICT" name="afterTestcase" finished-at="2023-02-19T16:03:33 ICT" duration-ms="0" status="PASS">
          <reporter-output>
          </reporter-output>
        </test-method> <!-- afterTestcase -->
        <test-method is-config="true" signature="Notifiacation()[pri:0, instance:Booking.BookingSomethingInShopee@272ed83b]" started-at="2023-02-19T16:03:33 ICT" name="Notifiacation" finished-at="2023-02-19T16:03:33 ICT" duration-ms="0" status="PASS">
          <reporter-output>
          </reporter-output>
        </test-method> <!-- Notifiacation -->
      </class> <!-- Booking.BookingSomethingInShopee -->
    </test> <!-- Default test -->
  </suite> <!-- Default suite -->
</testng-results>
